<?xml version="1.0" encoding="UTF-8"?>
<!-- Generated by org.testng.reporters.JUnitReportReporter -->
<testsuite hostname="FNUs-Air.attlocal.net" failures="0" tests="1" name="com.restAssured.RestAssuredTest" time="2.515" errors="0" timestamp="2022-09-26T19:31:58 CDT" skipped="0">
  <testcase classname="com.restAssured.RestAssuredTest" name="putFromPojo" time="2.515"/>
  <system-out/>
</testsuite> <!-- com.restAssured.RestAssuredTest -->
